#
# A fatal error has been detected by the Java Runtime Environment:
#
#  EXCEPTION_ACCESS_VIOLATION (0xc0000005) at pc=0x00000000027526e0, pid=15636, tid=0x0000000000003a0c
#
# JRE version: Java(TM) SE Runtime Environment (8.0_121-b13) (build 1.8.0_121-b13)
# Java VM: Java HotSpot(TM) 64-Bit Server VM (25.121-b13 mixed mode windows-amd64 compressed oops)
# Problematic frame:
# V  [jvm.dll+0x1e26e0]
#
# Failed to write core dump. Minidumps are not enabled by default on client versions of Windows
#
# If you would like to submit a bug report, please visit:
#   http://bugreport.java.com/bugreport/crash.jsp
#

---------------  T H R E A D  ---------------

Current thread (0x0000000002e4a000):  JavaThread "main" [_thread_in_vm, id=14860, stack(0x0000000003020000,0x0000000003120000)]

siginfo: ExceptionCode=0xc0000005, reading address 0x000000000000000c

Registers:
RAX=0x0000000000000000, RBX=0x0000000002e4a000, RCX=0x0000000000000a00, RDX=0x000000000311e4f8
RSP=0x000000000311e420, RBP=0x000000000311e4c8, RSI=0x000000000000000c, RDI=0x000000000311e778
R8 =0x000000000000000c, R9 =0x0000000002e46db0, R10=0x0000000003137f28, R11=0x000000000279b820
R12=0x0000000000000000, R13=0x00000000571ae060, R14=0x000000000311e4f8, R15=0x0000000002e4a000
RIP=0x00000000027526e0, EFLAGS=0x0000000000010246

Top of Stack: (sp=0x000000000311e420)
0x000000000311e420:   000000000256e6b0 0000000002e4a000
0x000000000311e430:   00000000571ae060 0000000000000002
0x000000000311e440:   0000000003128331 0000000003137f54
0x000000000311e450:   00000000571ae060 000000000311e4c8
0x000000000311e460:   0000000000000002 00000000571ae060
0x000000000311e470:   0000000000000002 0000000002e4a000
0x000000000311e480:   0000000003137c82 000000000311e488
0x000000000311e490:   00000000571ae060 000000000311e4f8
0x000000000311e4a0:   00000000571db1d8 0000000000000000
0x000000000311e4b0:   00000000571ae060 0000000000000000
0x000000000311e4c0:   000000000311e4e8 000000000311e548
0x000000000311e4d0:   0000000003127e50 0000000000000000
0x000000000311e4e0:   00000000031319b7 000000000000000c
0x000000000311e4f0:   00000000d8c79cc8 00000000d85089a0
0x000000000311e500:   00000000d855edc0 000000000311e508
0x000000000311e510:   000000005754e880 000000000311e570 

Instructions: (pc=0x00000000027526e0)
0x00000000027526c0:   8b 43 30 a9 00 00 00 30 74 08 48 8b cb e8 8e 01
0x00000000027526d0:   06 00 c7 83 70 02 00 00 06 00 00 00 48 8b 7b 48
0x00000000027526e0:   48 8b 36 48 8b 47 10 48 8b 6f 08 48 83 38 00 74
0x00000000027526f0:   15 48 8b 57 28 48 8b cd e8 93 b6 ee ff 48 8b 4f 


Register to memory mapping:

RAX=0x0000000000000000 is an unknown value
RBX=0x0000000002e4a000 is a thread
RCX=0x0000000000000a00 is an unknown value
RDX=0x000000000311e4f8 is pointing into the stack for thread: 0x0000000002e4a000
RSP=0x000000000311e420 is pointing into the stack for thread: 0x0000000002e4a000
RBP=0x000000000311e4c8 is pointing into the stack for thread: 0x0000000002e4a000
RSI=0x000000000000000c is an unknown value
RDI=0x000000000311e778 is pointing into the stack for thread: 0x0000000002e4a000
R8 =0x000000000000000c is an unknown value
R9 =0x0000000002e46db0 is an unknown value
R10=0x0000000003137f28 is at code_begin+840 in an Interpreter codelet
method entry point (kind = native)  [0x0000000003137be0, 0x0000000003138540]  2400 bytes
R11=0x000000000279b820 is an unknown value
R12=0x0000000000000000 is an unknown value
R13={method} {0x00000000571ae068} 'getAddress' '(J)J' in 'sun/misc/Unsafe'
R14=0x000000000311e4f8 is pointing into the stack for thread: 0x0000000002e4a000
R15=0x0000000002e4a000 is a thread


Stack: [0x0000000003020000,0x0000000003120000],  sp=0x000000000311e420,  free space=1017k
Native frames: (J=compiled Java code, j=interpreted, Vv=VM code, C=native code)
V  [jvm.dll+0x1e26e0]
C  0x0000000003137f54

Java frames: (J=compiled Java code, j=interpreted, Vv=VM code)
j  sun.misc.Unsafe.getAddress(J)J+0
j  com.basic.lock.atomic.UnsafeTest.test()V+72
v  ~StubRoutines::call_stub
j  sun.reflect.NativeMethodAccessorImpl.invoke0(Ljava/lang/reflect/Method;Ljava/lang/Object;[Ljava/lang/Object;)Ljava/lang/Object;+0
j  sun.reflect.NativeMethodAccessorImpl.invoke(Ljava/lang/Object;[Ljava/lang/Object;)Ljava/lang/Object;+100
j  sun.reflect.DelegatingMethodAccessorImpl.invoke(Ljava/lang/Object;[Ljava/lang/Object;)Ljava/lang/Object;+6
j  java.lang.reflect.Method.invoke(Ljava/lang/Object;[Ljava/lang/Object;)Ljava/lang/Object;+56
j  org.junit.runners.model.FrameworkMethod$1.runReflectiveCall()Ljava/lang/Object;+15
j  org.junit.internal.runners.model.ReflectiveCallable.run()Ljava/lang/Object;+1
j  org.junit.runners.model.FrameworkMethod.invokeExplosively(Ljava/lang/Object;[Ljava/lang/Object;)Ljava/lang/Object;+10
j  org.junit.internal.runners.statements.InvokeMethod.evaluate()V+12
j  org.junit.runners.ParentRunner.runLeaf(Lorg/junit/runners/model/Statement;Lorg/junit/runner/Description;Lorg/junit/runner/notification/RunNotifier;)V+17
j  org.junit.runners.BlockJUnit4ClassRunner.runChild(Lorg/junit/runners/model/FrameworkMethod;Lorg/junit/runner/notification/RunNotifier;)V+30
j  org.junit.runners.BlockJUnit4ClassRunner.runChild(Ljava/lang/Object;Lorg/junit/runner/notification/RunNotifier;)V+6
j  org.junit.runners.ParentRunner$3.run()V+12
j  org.junit.runners.ParentRunner$1.schedule(Ljava/lang/Runnable;)V+1
j  org.junit.runners.ParentRunner.runChildren(Lorg/junit/runner/notification/RunNotifier;)V+44
j  org.junit.runners.ParentRunner.access$000(Lorg/junit/runners/ParentRunner;Lorg/junit/runner/notification/RunNotifier;)V+2
j  org.junit.runners.ParentRunner$2.evaluate()V+8
j  org.junit.runners.ParentRunner.run(Lorg/junit/runner/notification/RunNotifier;)V+20
j  org.junit.runner.JUnitCore.run(Lorg/junit/runner/Runner;)Lorg/junit/runner/Result;+37
j  com.intellij.junit4.JUnit4IdeaTestRunner.startRunnerWithArgs([Ljava/lang/String;Ljava/lang/String;IZ)I+146
j  com.intellij.rt.execution.junit.IdeaTestRunner$Repeater.startRunnerWithArgs(Lcom/intellij/rt/execution/junit/IdeaTestRunner;[Ljava/lang/String;Ljava/util/ArrayList;Ljava/lang/String;IZ)I+20
j  com.intellij.rt.execution.junit.JUnitStarter.prepareStreamsAndStart([Ljava/lang/String;Ljava/lang/String;Ljava/util/ArrayList;Ljava/lang/String;)I+116
j  com.intellij.rt.execution.junit.JUnitStarter.main([Ljava/lang/String;)V+116
v  ~StubRoutines::call_stub

---------------  P R O C E S S  ---------------

Java Threads: ( => current thread )
  0x0000000058f69800 JavaThread "Service Thread" daemon [_thread_blocked, id=6948, stack(0x00000000593f0000,0x00000000594f0000)]
  0x0000000058ed3000 JavaThread "C1 CompilerThread2" daemon [_thread_blocked, id=16036, stack(0x00000000599e0000,0x0000000059ae0000)]
  0x0000000058ed0800 JavaThread "C2 CompilerThread1" daemon [_thread_blocked, id=8332, stack(0x0000000059750000,0x0000000059850000)]
  0x0000000058ecf800 JavaThread "C2 CompilerThread0" daemon [_thread_blocked, id=16248, stack(0x0000000059600000,0x0000000059700000)]
  0x0000000058eb8000 JavaThread "Monitor Ctrl-Break" daemon [_thread_in_native, id=16164, stack(0x0000000058b30000,0x0000000058c30000)]
  0x0000000057b21800 JavaThread "Attach Listener" daemon [_thread_blocked, id=11824, stack(0x00000000594f0000,0x00000000595f0000)]
  0x0000000057b20800 JavaThread "Signal Dispatcher" daemon [_thread_blocked, id=15232, stack(0x00000000592b0000,0x00000000593b0000)]
  0x0000000057b0c000 JavaThread "Finalizer" daemon [_thread_blocked, id=11952, stack(0x0000000058d80000,0x0000000058e80000)]
  0x0000000057ac5000 JavaThread "Reference Handler" daemon [_thread_blocked, id=15380, stack(0x0000000058c30000,0x0000000058d30000)]
=>0x0000000002e4a000 JavaThread "main" [_thread_in_vm, id=14860, stack(0x0000000003020000,0x0000000003120000)]

Other Threads:
  0x0000000057abd000 VMThread [stack: 0x0000000058a10000,0x0000000058b10000] [id=16144]
  0x0000000058fc2000 WatcherThread [stack: 0x00000000598b0000,0x00000000599b0000] [id=15248]

VM state:not at safepoint (normal execution)

VM Mutex/Monitor currently owned by a thread: None

Heap:
 PSYoungGen      total 35840K, used 7999K [0x00000000d8500000, 0x00000000dad00000, 0x0000000100000000)
  eden space 30720K, 26% used [0x00000000d8500000,0x00000000d8ccfc88,0x00000000da300000)
  from space 5120K, 0% used [0x00000000da800000,0x00000000da800000,0x00000000dad00000)
  to   space 5120K, 0% used [0x00000000da300000,0x00000000da300000,0x00000000da800000)
 ParOldGen       total 81920K, used 0K [0x0000000088e00000, 0x000000008de00000, 0x00000000d8500000)
  object space 81920K, 0% used [0x0000000088e00000,0x0000000088e00000,0x000000008de00000)
 Metaspace       used 5236K, capacity 5436K, committed 5632K, reserved 1056768K
  class space    used 611K, capacity 659K, committed 768K, reserved 1048576K

Card table byte_map: [0x00000000124e0000,0x00000000128a0000] byte_map_base: 0x0000000012099000

Marking Bits: (ParMarkBitMap*) 0x0000000002d8b6d0
 Begin Bits: [0x00000000131e0000, 0x0000000014fa8000)
 End Bits:   [0x0000000014fa8000, 0x0000000016d70000)

Polling page: 0x00000000005e0000

CodeCache: size=245760Kb used=1726Kb max_used=1743Kb free=244033Kb
 bounds [0x0000000003120000, 0x0000000003390000, 0x0000000012120000]
 total_blobs=563 nmethods=283 adapters=193
 compilation: enabled

Compilation events (10 events):
Event: 0.472 Thread 0x0000000058ed3000 nmethod 276 0x00000000032c7e10 code [0x00000000032c7fc0, 0x00000000032c87b8]
Event: 0.472 Thread 0x0000000058ed3000  277       3       sun.net.www.protocol.file.Handler::parseURL (18 bytes)
Event: 0.473 Thread 0x0000000058ed3000 nmethod 277 0x00000000032c8b50 code [0x00000000032c8cc0, 0x00000000032c8f38]
Event: 0.480 Thread 0x0000000058ed3000  283       3       java.nio.ByteBuffer::arrayOffset (35 bytes)
Event: 0.481 Thread 0x0000000058ed3000 nmethod 283 0x00000000032c9e90 code [0x00000000032ca020, 0x00000000032ca2d8]
Event: 0.481 Thread 0x0000000058ed3000  282       3       java.util.Vector::ensureCapacityHelper (16 bytes)
Event: 0.481 Thread 0x0000000058ed3000 nmethod 282 0x00000000032ca3d0 code [0x00000000032ca540, 0x00000000032ca708]
Event: 0.489 Thread 0x0000000058ed0800 nmethod 255 0x00000000032cea50 code [0x00000000032cecc0, 0x00000000032d02e0]
Event: 0.489 Thread 0x0000000058ed0800  274       4       sun.misc.MetaIndex::mayContain (51 bytes)
Event: 0.494 Thread 0x0000000058ed0800 nmethod 274 0x00000000032cb610 code [0x00000000032cb760, 0x00000000032cb998]

GC Heap History (0 events):
No events

Deoptimization events (0 events):
No events

Internal exceptions (7 events):
Event: 0.053 Thread 0x0000000002e4a000 Exception <a 'java/lang/NoSuchMethodError': Method sun.misc.Unsafe.defineClass(Ljava/lang/String;[BII)Ljava/lang/Class; name or signature does not match> (0x00000000d8507ca8) thrown at [C:\re\workspace\8-2-build-windows-amd64-cygwin\jdk8u121\8372\hotspot\
Event: 0.053 Thread 0x0000000002e4a000 Exception <a 'java/lang/NoSuchMethodError': Method sun.misc.Unsafe.prefetchRead(Ljava/lang/Object;J)V name or signature does not match> (0x00000000d8507f90) thrown at [C:\re\workspace\8-2-build-windows-amd64-cygwin\jdk8u121\8372\hotspot\src\share\vm\prims
Event: 0.316 Thread 0x0000000002e4a000 Exception <a 'java/io/FileNotFoundException'> (0x00000000d888c120) thrown at [C:\re\workspace\8-2-build-windows-amd64-cygwin\jdk8u121\8372\hotspot\src\share\vm\prims\jni.cpp, line 709]
Event: 0.333 Thread 0x0000000002e4a000 Exception <a 'java/security/PrivilegedActionException'> (0x00000000d88d2d98) thrown at [C:\re\workspace\8-2-build-windows-amd64-cygwin\jdk8u121\8372\hotspot\src\share\vm\prims\jvm.cpp, line 1390]
Event: 0.333 Thread 0x0000000002e4a000 Exception <a 'java/security/PrivilegedActionException'> (0x00000000d88d2fa8) thrown at [C:\re\workspace\8-2-build-windows-amd64-cygwin\jdk8u121\8372\hotspot\src\share\vm\prims\jvm.cpp, line 1390]
Event: 0.333 Thread 0x0000000002e4a000 Exception <a 'java/security/PrivilegedActionException'> (0x00000000d88d6eb8) thrown at [C:\re\workspace\8-2-build-windows-amd64-cygwin\jdk8u121\8372\hotspot\src\share\vm\prims\jvm.cpp, line 1390]
Event: 0.333 Thread 0x0000000002e4a000 Exception <a 'java/security/PrivilegedActionException'> (0x00000000d88d70c8) thrown at [C:\re\workspace\8-2-build-windows-amd64-cygwin\jdk8u121\8372\hotspot\src\share\vm\prims\jvm.cpp, line 1390]

Events (10 events):
Event: 0.470 loading class org/junit/internal/runners/model/ReflectiveCallable
Event: 0.470 loading class org/junit/internal/runners/model/ReflectiveCallable done
Event: 0.471 loading class org/junit/rules/MethodRule
Event: 0.471 loading class org/junit/rules/MethodRule done
Event: 0.472 loading class org/junit/runner/notification/RunNotifier$3
Event: 0.472 loading class org/junit/runner/notification/RunNotifier$3 done
Event: 0.477 loading class org/junit/runners/model/FrameworkMethod$1
Event: 0.477 loading class org/junit/runners/model/FrameworkMethod$1 done
Event: 0.480 loading class sun/reflect/UnsafeQualifiedStaticObjectFieldAccessorImpl
Event: 0.480 loading class sun/reflect/UnsafeQualifiedStaticObjectFieldAccessorImpl done


Dynamic libraries:
0x000000013f810000 - 0x000000013f847000 	D:\Program Files\Java\jdk1.8.0_121\bin\java.exe
0x0000000077630000 - 0x00000000777cf000 	C:\windows\SYSTEM32\ntdll.dll
0x0000000077510000 - 0x000000007762f000 	C:\windows\system32\kernel32.dll
0x000007fefd610000 - 0x000007fefd67a000 	C:\windows\system32\KERNELBASE.dll
0x0000000075240000 - 0x00000000752d5000 	C:\windows\System32\SYSFER.DLL
0x000007fefe800000 - 0x000007fefe8db000 	C:\windows\system32\ADVAPI32.dll
0x000007fefeb60000 - 0x000007fefebff000 	C:\windows\system32\msvcrt.dll
0x000007feff480000 - 0x000007feff49f000 	C:\windows\SYSTEM32\sechost.dll
0x000007feff350000 - 0x000007feff47d000 	C:\windows\system32\RPCRT4.dll
0x0000000077410000 - 0x000000007750a000 	C:\windows\system32\USER32.dll
0x000007feff620000 - 0x000007feff687000 	C:\windows\system32\GDI32.dll
0x000007feff540000 - 0x000007feff54e000 	C:\windows\system32\LPK.dll
0x000007feff550000 - 0x000007feff61b000 	C:\windows\system32\USP10.dll
0x000007fefbfa0000 - 0x000007fefc194000 	C:\windows\WinSxS\amd64_microsoft.windows.common-controls_6595b64144ccf1df_6.0.7601.18837_none_fa3b1e3d17594757\COMCTL32.dll
0x000007fefedb0000 - 0x000007fefee21000 	C:\windows\system32\SHLWAPI.dll
0x000007fefef60000 - 0x000007fefef8e000 	C:\windows\system32\IMM32.DLL
0x000007fefec00000 - 0x000007fefed09000 	C:\windows\system32\MSCTF.dll
0x00000000706d0000 - 0x00000000707a2000 	D:\Program Files\Java\jdk1.8.0_121\jre\bin\msvcr100.dll
0x0000000002570000 - 0x0000000002e0b000 	D:\Program Files\Java\jdk1.8.0_121\jre\bin\server\jvm.dll
0x000007fefb580000 - 0x000007fefb589000 	C:\windows\system32\WSOCK32.dll
0x000007fefef90000 - 0x000007fefefdd000 	C:\windows\system32\WS2_32.dll
0x000007feff690000 - 0x000007feff698000 	C:\windows\system32\NSI.dll
0x000007fefb0e0000 - 0x000007fefb11b000 	C:\windows\system32\WINMM.dll
0x000007fefc660000 - 0x000007fefc66c000 	C:\windows\system32\VERSION.dll
0x00000000777e0000 - 0x00000000777e7000 	C:\windows\system32\PSAPI.DLL
0x0000000074750000 - 0x000000007475f000 	D:\Program Files\Java\jdk1.8.0_121\jre\bin\verify.dll
0x0000000070af0000 - 0x0000000070b19000 	D:\Program Files\Java\jdk1.8.0_121\jre\bin\java.dll
0x0000000071510000 - 0x0000000071533000 	D:\Program Files\Java\jdk1.8.0_121\jre\bin\instrument.dll
0x0000000070880000 - 0x0000000070896000 	D:\Program Files\Java\jdk1.8.0_121\jre\bin\zip.dll
0x000007fefd930000 - 0x000007fefe6ba000 	C:\windows\system32\SHELL32.dll
0x000007feff720000 - 0x000007feff91d000 	C:\windows\system32\ole32.dll
0x000007fefd520000 - 0x000007fefd52f000 	C:\windows\system32\profapi.dll
0x000007fefabf0000 - 0x000007fefac0a000 	D:\Program Files\JetBrains\IntelliJ IDEA 2017.1.4\bin\breakgen64.dll
0x0000000074700000 - 0x000000007471a000 	D:\Program Files\Java\jdk1.8.0_121\jre\bin\net.dll
0x000007fefcd40000 - 0x000007fefcd95000 	C:\windows\system32\mswsock.dll
0x000007fefcd30000 - 0x000007fefcd37000 	C:\windows\System32\wship6.dll
0x000007fef8880000 - 0x000007fef89a5000 	C:\windows\system32\dbghelp.dll

VM Arguments:
jvm_args: -ea -Didea.test.cyclic.buffer.size=1048576 -javaagent:D:\Program Files\JetBrains\IntelliJ IDEA 2017.1.4\lib\idea_rt.jar=58199:D:\Program Files\JetBrains\IntelliJ IDEA 2017.1.4\bin -Dfile.encoding=UTF-8 
java_command: com.intellij.rt.execution.junit.JUnitStarter -ideVersion5 com.basic.lock.atomic.UnsafeTest,test
java_class_path (initial): D:\Program Files\JetBrains\IntelliJ IDEA 2017.1.4\lib\idea_rt.jar;D:\Program Files\JetBrains\IntelliJ IDEA 2017.1.4\plugins\junit\lib\junit-rt.jar;D:\Program Files\Java\jdk1.8.0_121\jre\lib\charsets.jar;D:\Program Files\Java\jdk1.8.0_121\jre\lib\deploy.jar;D:\Program Files\Java\jdk1.8.0_121\jre\lib\ext\access-bridge-64.jar;D:\Program Files\Java\jdk1.8.0_121\jre\lib\ext\cldrdata.jar;D:\Program Files\Java\jdk1.8.0_121\jre\lib\ext\dnsns.jar;D:\Program Files\Java\jdk1.8.0_121\jre\lib\ext\jaccess.jar;D:\Program Files\Java\jdk1.8.0_121\jre\lib\ext\jfxrt.jar;D:\Program Files\Java\jdk1.8.0_121\jre\lib\ext\localedata.jar;D:\Program Files\Java\jdk1.8.0_121\jre\lib\ext\nashorn.jar;D:\Program Files\Java\jdk1.8.0_121\jre\lib\ext\sunec.jar;D:\Program Files\Java\jdk1.8.0_121\jre\lib\ext\sunjce_provider.jar;D:\Program Files\Java\jdk1.8.0_121\jre\lib\ext\sunmscapi.jar;D:\Program Files\Java\jdk1.8.0_121\jre\lib\ext\sunpkcs11.jar;D:\Program Files\Java\jdk1.8.0_121\jre\lib\ext\zipfs.jar;D:\Program Files\Java\jdk1.8.0_121\jre\lib\javaws.jar;D:\Program Files\Java\jdk1.8.0_121\jre\lib\jce.jar;D:\Program Files\Java\jdk1.8.0_121\jre\lib\jfr.jar;D:\Program Files\Java\jdk1.8.0_121\jre\lib\jfxswt.jar;D:\Program Files\Java\jdk1.8.0_121\jre\lib\jsse.jar;D:\Program Files\Java\jdk1.8.0_121\jre\lib\management-agent.jar;D:\Program Files\Java\jdk1.8.0_121\jre\lib\plugin.jar;D:\Program Files\Java\jdk1.8.0_121\jre\lib\resources.jar;D:\Program Files\Java\jdk1.8.0_121\jre\lib\rt.jar;D:\goodstudy\basic\target\classes;D:\repository\junit\junit\4.12\junit-4.12.jar;D:\repository\org\hamcrest\hamcrest-core\1.3\hamcrest-core-1.3.jar;D:\repository\org\springframework\spring-web\4.2.6.RELEASE\spring-web-4.2.6.RELEASE.jar;D:\repository\org\springframework\spring-aop\4.2.6.RELEASE\spring-aop-4.2.6.RELEASE.jar;D:\repository\aopalliance\aopalliance\1.0\aopalliance-1.0.jar;D:\repository\org\springframework\spring-beans\4.2.6.RELEASE\spring-beans-4.2.6.RELEASE.jar;D:\repository\org\springf
Launcher Type: SUN_STANDARD

Environment Variables:
JAVA_HOME=D:\Program Files\Java\jdk1.8.0_121
CLASSPATH=.;D:\Program Files\Java\jdk1.8.0_121/lib/;D:\Program Files\Java\jdk1.8.0_121/jre/lib/;D:\software\apache-cxf-3.1.12\lib;D:\software\mysql-8.0.11-winx64
PATH=C:\ProgramData\Oracle\Java\javapath;C:\windows\system32;C:\windows;C:\windows\System32\Wbem;C:\windows\System32\WindowsPowerShell\v1.0\;D:\software\apache-maven-3.5.0-bin\apache-maven-3.5.0\bin;D:\Program Files\Java\jdk1.8.0_121\bin;D:\Program Files\Java\jdk1.8.0_121\jre\bin;D:\Program Files (x86)\python;D:\software\apache-cxf-3.1.12\bin;D:\Program Files (x86)\Lua\5.1;D:\Program Files (x86)\Lua\5.1\clibs;D:\software\gradle-4.8\bin;D:\Program Files (x86)\python\Scripts\;D:\Program Files (x86)\python\;C:\Program Files (x86)\Google\Chrome\Application;C:\ProgramData\Oracle\Java\javapath;C:\windows\system32;C:\windows;C:\windows\System32\Wbem;C:\windows\System32\WindowsPowerShell\v1.0\;D:\Users\wb-lsh301927\AppData\Local\Programs\Git\cmd;D:\Program Files\Microsoft VS Code\bin;D:\software\mysql-8.0.11-winx64\bin;D:\software\apache-maven-3.5.0-bin\apache-maven-3.5.0\bin;D:\software\gradle-4.8\bin
USERNAME=wb-lsh301927
OS=Windows_NT
PROCESSOR_IDENTIFIER=Intel64 Family 6 Model 78 Stepping 3, GenuineIntel



---------------  S Y S T E M  ---------------

OS: Windows 7 , 64 bit Build 7601 (6.1.7601.24260)

CPU:total 4 (2 cores per cpu, 2 threads per core) family 6 model 78 stepping 3, cmov, cx8, fxsr, mmx, sse, sse2, sse3, ssse3, sse4.1, sse4.2, popcnt, avx, avx2, aes, clmul, erms, 3dnowpref, lzcnt, ht, tsc, tscinvbit, bmi1, bmi2, adx

Memory: 4k page, physical 7802204k(1302364k free), swap 15602508k(8244000k free)

vm_info: Java HotSpot(TM) 64-Bit Server VM (25.121-b13) for windows-amd64 JRE (1.8.0_121-b13), built on Dec 12 2016 18:21:36 by "java_re" with MS VC++ 10.0 (VS2010)

time: Wed Nov 07 16:37:28 2018
elapsed time: 0 seconds (0d 0h 0m 0s)

